Arguments: 
  C:\Program Files\nodejs\node.exe C:\Program Files (x86)\Yarn\bin\yarn.js dev

PATH: 
  C:\Program Files (x86)\Common Files\Oracle\Java\javapath;C:\Program Files (x86)\Intel\iCLS Client\;C:\ProgramData\Oracle\Java\javapath;C:\Program Files\Intel\iCLS Client\;C:\windows\system32;C:\windows;C:\windows\System32\Wbem;C:\windows\System32\WindowsPowerShell\v1.0\;C:\Program Files (x86)\NVIDIA Corporation\PhysX\Common;C:\WINDOWS\system32;C:\WINDOWS;C:\WINDOWS\System32\Wbem;C:\WINDOWS\System32\WindowsPowerShell\v1.0\;C:\Program Files (x86)\Intel\Intel(R) Management Engine Components\DAL;C:\Program Files\Intel\Intel(R) Management Engine Components\DAL;C:\Program Files (x86)\Intel\Intel(R) Management Engine Components\IPT;C:\Program Files\Intel\Intel(R) Management Engine Components\IPT;C:\WINDOWS\System32\OpenSSH\;C:\Program Files\Git\cmd;C:\Program Files\dotnet\;C:\Program Files\Microsoft SQL Server\130\Tools\Binn\;C:\Program Files\Microsoft SQL Server\Client SDK\ODBC\170\Tools\Binn\;C:\ProgramData\chocolatey\bin;C:\Program Files (x86)\Yarn\bin\;C:\Program Files\nodejs\;C:\Users\willi\AppData\Local\Microsoft\WindowsApps;C:\Users\willi\AppData\Local\Android\Sdk\platform-tools;C:\Users\willi\AppData\Local\atom\bin;C:\Users\willi\AppData\Local\Programs\Microsoft VS Code\bin;C:\Users\willi\AppData\Local\Microsoft\WindowsApps;C:\Users\willi\AppData\Local\Yarn\bin;C:\Users\willi\AppData\Roaming\npm

Yarn version: 
  1.21.1

Node version: 
  12.14.1

Platform: 
  win32 x64

Trace: 
  SyntaxError: C:\Users\willi\Documents\Classroom\Aulas\Nextlevelweek\server\package.json: Unexpected token { in JSON at position 395
      at JSON.parse (<anonymous>)
      at C:\Program Files (x86)\Yarn\lib\cli.js:1625:59
      at Generator.next (<anonymous>)
      at step (C:\Program Files (x86)\Yarn\lib\cli.js:310:30)
      at C:\Program Files (x86)\Yarn\lib\cli.js:321:13

npm manifest: 
  {
    "name": "server",
    "version": "1.0.0",
    "description": "",
    "main": "index.js",
    "scripts": {
      "dev": "ts-node src/server.ts"
    },
    "keywords": [],
    "author": "",
    "license": "ISC",
    "dependencies": {
      "xpress": "^2.4.6"
    },
    "devDependencies": {
      "@types/express": "^4.17.6",
      "ts-node": "^8.10.2",
      "ts-node-dev": "^1.0.0-pre.44",
      "typescript": "^3.9.3"
    }
  }
  {
    "devDependencies": {
      "nodemon": "^2.0.4"
    }
  }

yarn manifest: 
  No manifest

Lockfile: 
  No lockfile
